2025-03-06 23:25:30,416 - OpenGL.acceleratesupport - DEBUG - OpenGL_accelerate module loaded
2025-03-06 23:25:30,425 - OpenGL.arrays.arraydatatype - DEBUG - Using accelerated ArrayDatatype
2025-03-06 23:25:30,601 - PyCraft - INFO - 正在启动编辑器...
2025-03-06 23:25:30,613 - PyCraft - INFO - QApplication 已创建
2025-03-06 23:25:30,614 - PyCraft - ERROR - 编辑器启动失败: arguments did not match any overloaded call:
  drawText(self, p: Union[QPointF, QPoint], s: Optional[str]): argument 1 has unexpected type 'float'
  drawText(self, rectangle: QRectF, flags: int, text: Optional[str]): argument 1 has unexpected type 'float'
  drawText(self, rectangle: QRect, flags: int, text: Optional[str]): argument 1 has unexpected type 'float'
  drawText(self, rectangle: QRectF, text: Optional[str], option: QTextOption = QTextOption()): argument 1 has unexpected type 'float'
  drawText(self, p: QPoint, s: Optional[str]): argument 1 has unexpected type 'float'
  drawText(self, x: int, y: int, width: int, height: int, flags: int, text: Optional[str]): argument 1 has unexpected type 'float'
  drawText(self, x: int, y: int, s: Optional[str]): argument 1 has unexpected type 'float'
2025-03-06 23:25:30,615 - PyCraft - ERROR - Traceback (most recent call last):
  File "C:\Users\ko202\Desktop\project\PyCraft\editor_main.py", line 98, in main
    splash_pixmap = create_splash_image()
                    ^^^^^^^^^^^^^^^^^^^^^
  File "C:\Users\ko202\Desktop\project\PyCraft\editor_main.py", line 61, in create_splash_image
    painter.drawText(width/2 - 100, height/2 - 40, "PyCraft")
TypeError: arguments did not match any overloaded call:
  drawText(self, p: Union[QPointF, QPoint], s: Optional[str]): argument 1 has unexpected type 'float'
  drawText(self, rectangle: QRectF, flags: int, text: Optional[str]): argument 1 has unexpected type 'float'
  drawText(self, rectangle: QRect, flags: int, text: Optional[str]): argument 1 has unexpected type 'float'
  drawText(self, rectangle: QRectF, text: Optional[str], option: QTextOption = QTextOption()): argument 1 has unexpected type 'float'
  drawText(self, p: QPoint, s: Optional[str]): argument 1 has unexpected type 'float'
  drawText(self, x: int, y: int, width: int, height: int, flags: int, text: Optional[str]): argument 1 has unexpected type 'float'
  drawText(self, x: int, y: int, s: Optional[str]): argument 1 has unexpected type 'float'

